Arguments: 
  C:\Program Files\nodejs\node.exe C:\Users\Teknogenetik\AppData\Roaming\npm\node_modules\yarn\bin\yarn.js add vite-plugin-svgr

PATH: 
  C:\Windows\system32;C:\Windows;C:\Windows\System32\Wbem;C:\Windows\System32\WindowsPowerShell\v1.0\;C:\Windows\System32\OpenSSH\;C:\Program Files (x86)\NVIDIA Corporation\PhysX\Common;C:\Program Files\NVIDIA Corporation\NVIDIA NvDLISR;C:\Program Files\Git\cmd;C:\JupyterLab;C:\Program Files\nodejs\;C:\Program Files\MySQL\MySQL Shell 8.0\bin\;C:\Users\Teknogenetik\AppData\Local\Programs\Python\Python310\Scripts\;C:\Users\Teknogenetik\AppData\Local\Programs\Python\Python310\;C:\Users\Teknogenetik\AppData\Local\Microsoft\WindowsApps;C:\Users\Teknogenetik\AppData\Local\Programs\Microsoft VS Code\bin;C:\Users\Teknogenetik\AppData\Local\Google\Cloud SDK\google-cloud-sdk\bin;C:\Users\Teknogenetik\AppData\Roaming\npm;C:\Program Files\Graphviz\bin;C:\Users\Teknogenetik\anaconda3\Lib\site-packages;

Yarn version: 
  1.22.19

Node version: 
  18.15.0

Platform: 
  win32 x64

Trace: 
  Error: EPERM: operation not permitted, unlink 'C:\Users\Teknogenetik\Desktop\Secim\ikincitur\node_modules\@esbuild\win32-x64\esbuild.exe'

npm manifest: 
  {
    "name": "ikincitur",
    "private": true,
    "version": "0.0.0",
    "type": "module",
    "scripts": {
      "dev": "vite",
      "build": "vite build",
      "lint": "eslint src --ext js,jsx --report-unused-disable-directives --max-warnings 0",
      "preview": "vite preview"
    },
    "dependencies": {
      "react": "^18.2.0",
      "react-dom": "^18.2.0",
      "react-leaflet": "^4.2.1",
      "react-simple-maps": "^3.0.0"
    },
    "devDependencies": {
      "@types/react": "^18.0.28",
      "@types/react-dom": "^18.0.11",
      "@vitejs/plugin-react": "^4.0.0",
      "autoprefixer": "^10.4.14",
      "eslint": "^8.38.0",
      "eslint-plugin-react": "^7.32.2",
      "eslint-plugin-react-hooks": "^4.6.0",
      "eslint-plugin-react-refresh": "^0.3.4",
      "file-loader": "^6.2.0",
      "postcss": "^8.4.23",
      "tailwindcss": "^3.3.2",
      "vite": "^4.3.2"
    }
  }

yarn manifest: 
  No manifest

Lockfile: 
  No lockfile
